{"/home/chris/aedra/test-suite/src/load/surge-scenarios.js": {"path":"/home/chris/aedra/test-suite/src/load/surge-scenarios.js","statementMap":{"0":{"start":{"line":6,"column":27},"end":{"line":6,"column":58}},"1":{"start":{"line":7,"column":29},"end":{"line":7,"column":63}},"2":{"start":{"line":8,"column":27},"end":{"line":8,"column":59}},"3":{"start":{"line":9,"column":26},"end":{"line":9,"column":57}},"4":{"start":{"line":10,"column":18},"end":{"line":10,"column":40}},"5":{"start":{"line":11,"column":32},"end":{"line":11,"column":68}},"6":{"start":{"line":14,"column":17},"end":{"line":14,"column":58}},"7":{"start":{"line":18,"column":2},"end":{"line":41,"column":5}},"8":{"start":{"line":44,"column":16},"end":{"line":47,"column":1}},"9":{"start":{"line":54,"column":23},"end":{"line":91,"column":1}},"10":{"start":{"line":94,"column":21},"end":{"line":94,"column":62}},"11":{"start":{"line":95,"column":20},"end":{"line":95,"column":30}},"12":{"start":{"line":97,"column":14},"end":{"line":101,"column":3}},"13":{"start":{"line":103,"column":2},"end":{"line":106,"column":5}},"14":{"start":{"line":104,"column":35},"end":{"line":104,"column":51}},"15":{"start":{"line":105,"column":34},"end":{"line":105,"column":58}},"16":{"start":{"line":108,"column":2},"end":{"line":108,"column":36}},"17":{"start":{"line":109,"column":2},"end":{"line":109,"column":11}},"18":{"start":{"line":110,"column":2},"end":{"line":110,"column":56}},"19":{"start":{"line":111,"column":2},"end":{"line":111,"column":12}},"20":{"start":{"line":112,"column":2},"end":{"line":112,"column":31}},"21":{"start":{"line":113,"column":2},"end":{"line":113,"column":49}},"22":{"start":{"line":117,"column":21},"end":{"line":117,"column":62}},"23":{"start":{"line":118,"column":19},"end":{"line":121,"column":3}},"24":{"start":{"line":122,"column":18},"end":{"line":122,"column":71}},"25":{"start":{"line":123,"column":14},"end":{"line":127,"column":3}},"26":{"start":{"line":128,"column":2},"end":{"line":128,"column":54}},"27":{"start":{"line":128,"column":34},"end":{"line":128,"column":50}},"28":{"start":{"line":129,"column":2},"end":{"line":129,"column":36}},"29":{"start":{"line":130,"column":2},"end":{"line":130,"column":31}},"30":{"start":{"line":134,"column":22},"end":{"line":134,"column":63}},"31":{"start":{"line":135,"column":22},"end":{"line":138,"column":3}},"32":{"start":{"line":139,"column":18},"end":{"line":139,"column":77}},"33":{"start":{"line":140,"column":20},"end":{"line":140,"column":30}},"34":{"start":{"line":141,"column":14},"end":{"line":145,"column":3}},"35":{"start":{"line":146,"column":2},"end":{"line":146,"column":54}},"36":{"start":{"line":147,"column":2},"end":{"line":147,"column":70}},"37":{"start":{"line":147,"column":50},"end":{"line":147,"column":66}},"38":{"start":{"line":148,"column":2},"end":{"line":148,"column":36}},"39":{"start":{"line":149,"column":2},"end":{"line":149,"column":12}},"40":{"start":{"line":153,"column":19},"end":{"line":153,"column":45}},"41":{"start":{"line":154,"column":2},"end":{"line":156,"column":21}},"42":{"start":{"line":154,"column":28},"end":{"line":154,"column":42}},"43":{"start":{"line":155,"column":7},"end":{"line":156,"column":21}},"44":{"start":{"line":155,"column":37},"end":{"line":155,"column":54}},"45":{"start":{"line":156,"column":7},"end":{"line":156,"column":21}}},"fnMap":{"0":{"name":"webhookPayload","decl":{"start":{"line":17,"column":9},"end":{"line":17,"column":23}},"loc":{"start":{"line":17,"column":40},"end":{"line":42,"column":1}},"line":17},"1":{"name":"reportSurge","decl":{"start":{"line":93,"column":16},"end":{"line":93,"column":27}},"loc":{"start":{"line":93,"column":30},"end":{"line":114,"column":1}},"line":93},"2":{"name":"(anonymous_2)","decl":{"start":{"line":104,"column":30},"end":{"line":104,"column":31}},"loc":{"start":{"line":104,"column":35},"end":{"line":104,"column":51}},"line":104},"3":{"name":"(anonymous_3)","decl":{"start":{"line":105,"column":29},"end":{"line":105,"column":30}},"loc":{"start":{"line":105,"column":34},"end":{"line":105,"column":58}},"line":105},"4":{"name":"steadyState","decl":{"start":{"line":116,"column":16},"end":{"line":116,"column":27}},"loc":{"start":{"line":116,"column":30},"end":{"line":131,"column":1}},"line":116},"5":{"name":"(anonymous_5)","decl":{"start":{"line":128,"column":29},"end":{"line":128,"column":30}},"loc":{"start":{"line":128,"column":34},"end":{"line":128,"column":50}},"line":128},"6":{"name":"emergencyCheck","decl":{"start":{"line":133,"column":16},"end":{"line":133,"column":30}},"loc":{"start":{"line":133,"column":33},"end":{"line":150,"column":1}},"line":133},"7":{"name":"(anonymous_7)","decl":{"start":{"line":147,"column":45},"end":{"line":147,"column":46}},"loc":{"start":{"line":147,"column":50},"end":{"line":147,"column":66}},"line":147},"8":{"name":"(anonymous_8)","decl":{"start":{"line":152,"column":15},"end":{"line":152,"column":16}},"loc":{"start":{"line":152,"column":26},"end":{"line":157,"column":1}},"line":152}},"branchMap":{"0":{"loc":{"start":{"line":14,"column":17},"end":{"line":14,"column":58}},"type":"binary-expr","locations":[{"start":{"line":14,"column":17},"end":{"line":14,"column":31}},{"start":{"line":14,"column":35},"end":{"line":14,"column":58}}],"line":14},"1":{"loc":{"start":{"line":153,"column":19},"end":{"line":153,"column":45}},"type":"binary-expr","locations":[{"start":{"line":153,"column":19},"end":{"line":153,"column":33}},{"start":{"line":153,"column":37},"end":{"line":153,"column":45}}],"line":153},"2":{"loc":{"start":{"line":154,"column":2},"end":{"line":156,"column":21}},"type":"if","locations":[{"start":{"line":154,"column":2},"end":{"line":156,"column":21}},{"start":{"line":155,"column":7},"end":{"line":156,"column":21}}],"line":154},"3":{"loc":{"start":{"line":155,"column":7},"end":{"line":156,"column":21}},"type":"if","locations":[{"start":{"line":155,"column":7},"end":{"line":156,"column":21}},{"start":{"line":156,"column":7},"end":{"line":156,"column":21}}],"line":155}},"s":{"0":0,"1":0,"2":0,"3":0,"4":0,"5":0,"6":0,"7":0,"8":0,"9":0,"10":0,"11":0,"12":0,"13":0,"14":0,"15":0,"16":0,"17":0,"18":0,"19":0,"20":0,"21":0,"22":0,"23":0,"24":0,"25":0,"26":0,"27":0,"28":0,"29":0,"30":0,"31":0,"32":0,"33":0,"34":0,"35":0,"36":0,"37":0,"38":0,"39":0,"40":0,"41":0,"42":0,"43":0,"44":0,"45":0},"f":{"0":0,"1":0,"2":0,"3":0,"4":0,"5":0,"6":0,"7":0,"8":0},"b":{"0":[0,0],"1":[0,0],"2":[0,0],"3":[0,0]}}
}
