TN:
SF:src/load/surge-scenarios.js
FN:17,webhookPayload
FN:93,reportSurge
FN:104,(anonymous_2)
FN:105,(anonymous_3)
FN:116,steadyState
FN:128,(anonymous_5)
FN:133,emergencyCheck
FN:147,(anonymous_7)
FN:152,(anonymous_8)
FNF:9
FNH:0
FNDA:0,webhookPayload
FNDA:0,reportSurge
FNDA:0,(anonymous_2)
FNDA:0,(anonymous_3)
FNDA:0,steadyState
FNDA:0,(anonymous_5)
FNDA:0,emergencyCheck
FNDA:0,(anonymous_7)
FNDA:0,(anonymous_8)
DA:6,0
DA:7,0
DA:8,0
DA:9,0
DA:10,0
DA:11,0
DA:14,0
DA:18,0
DA:44,0
DA:54,0
DA:94,0
DA:95,0
DA:97,0
DA:103,0
DA:104,0
DA:105,0
DA:108,0
DA:109,0
DA:110,0
DA:111,0
DA:112,0
DA:113,0
DA:117,0
DA:118,0
DA:122,0
DA:123,0
DA:128,0
DA:129,0
DA:130,0
DA:134,0
DA:135,0
DA:139,0
DA:140,0
DA:141,0
DA:146,0
DA:147,0
DA:148,0
DA:149,0
DA:153,0
DA:154,0
DA:155,0
DA:156,0
LF:42
LH:0
BRDA:14,0,0,0
BRDA:14,0,1,0
BRDA:153,1,0,0
BRDA:153,1,1,0
BRDA:154,2,0,0
BRDA:154,2,1,0
BRDA:155,3,0,0
BRDA:155,3,1,0
BRF:8
BRH:0
end_of_record
